2021-07-19 02:59:59,628 - INFO - {'lang': 'python', 'model': 'transformer', 'load': False, 'code_max_length': 200, 'desc_max_length': 30, 'vocab_max_size': 10000, 'vocab_min_freq': 10, 'bpe_pct': 0.5, 'batch_size': 768, 'emb_dim': 128, 'hid_dim': 256, 'n_layers': 3, 'n_heads': 8, 'dropout': 0.1, 'pool_mode': 'weighted_mean', 'loss': 'softmax', 'lr': 0.0006, 'n_epochs': 150, 'patience': 20, 'grad_clip': 1.0, 'seed': 1, 'save_model': True, 'device': 'cuda', 'log_path': 'ret_runs/python-2021-07-19_02-59.log'}
2021-07-19 02:59:59,629 - INFO - using device:cuda
2021-07-19 03:00:34,249 - INFO - 412,178 training examples
2021-07-19 03:00:34,249 - INFO - 23,107 valid examples
2021-07-19 03:00:34,249 - INFO - 22,176 test examples
2021-07-19 03:00:34,249 - INFO - Code vocab size: 8,830
2021-07-19 03:00:34,249 - INFO - Description vocab size: 9,060
2021-07-19 03:00:38,874 - INFO - Code Encoder parameters: 1,559,936
2021-07-19 03:00:38,875 - INFO - Desc Encoder parameters: 1,589,376
2021-07-19 03:00:38,875 - INFO - Code Pooler parameters: 128
2021-07-19 03:00:38,875 - INFO - Desc Pooler parameters: 128
2021-07-19 03:03:19,060 - INFO - Epoch: 01
2021-07-19 03:03:19,060 - INFO - 	Train Loss: 4.785, Train MRR: 0.204
2021-07-19 03:03:19,060 - INFO - 	 Val. Loss: 4.431, Valid MRR: 0.252
2021-07-19 03:06:02,485 - INFO - Epoch: 02
2021-07-19 03:06:02,485 - INFO - 	Train Loss: 3.132, Train MRR: 0.464
2021-07-19 03:06:02,485 - INFO - 	 Val. Loss: 3.823, Valid MRR: 0.358
2021-07-19 03:08:42,183 - INFO - Epoch: 03
2021-07-19 03:08:42,184 - INFO - 	Train Loss: 2.404, Train MRR: 0.590
2021-07-19 03:08:42,184 - INFO - 	 Val. Loss: 3.408, Valid MRR: 0.422
2021-07-19 03:11:23,035 - INFO - Epoch: 04
2021-07-19 03:11:23,036 - INFO - 	Train Loss: 1.941, Train MRR: 0.668
2021-07-19 03:11:23,036 - INFO - 	 Val. Loss: 3.249, Valid MRR: 0.457
2021-07-19 03:14:02,860 - INFO - Epoch: 05
2021-07-19 03:14:02,861 - INFO - 	Train Loss: 1.630, Train MRR: 0.720
2021-07-19 03:14:02,861 - INFO - 	 Val. Loss: 3.152, Valid MRR: 0.485
2021-07-19 03:16:42,624 - INFO - Epoch: 06
2021-07-19 03:16:42,624 - INFO - 	Train Loss: 1.408, Train MRR: 0.757
2021-07-19 03:16:42,624 - INFO - 	 Val. Loss: 3.108, Valid MRR: 0.499
2021-07-19 03:19:23,208 - INFO - Epoch: 07
2021-07-19 03:19:23,209 - INFO - 	Train Loss: 1.237, Train MRR: 0.786
2021-07-19 03:19:23,209 - INFO - 	 Val. Loss: 3.093, Valid MRR: 0.513
2021-07-19 03:22:03,269 - INFO - Epoch: 08
2021-07-19 03:22:03,270 - INFO - 	Train Loss: 1.099, Train MRR: 0.809
2021-07-19 03:22:03,270 - INFO - 	 Val. Loss: 3.057, Valid MRR: 0.522
2021-07-19 03:24:45,426 - INFO - Epoch: 09
2021-07-19 03:24:45,427 - INFO - 	Train Loss: 0.987, Train MRR: 0.827
2021-07-19 03:24:45,427 - INFO - 	 Val. Loss: 3.112, Valid MRR: 0.530
2021-07-19 03:27:25,121 - INFO - Epoch: 10
2021-07-19 03:27:25,121 - INFO - 	Train Loss: 0.897, Train MRR: 0.843
2021-07-19 03:27:25,121 - INFO - 	 Val. Loss: 3.126, Valid MRR: 0.532
2021-07-19 03:30:06,128 - INFO - Epoch: 11
2021-07-19 03:30:06,128 - INFO - 	Train Loss: 0.816, Train MRR: 0.856
2021-07-19 03:30:06,128 - INFO - 	 Val. Loss: 3.182, Valid MRR: 0.536
2021-07-19 03:32:45,874 - INFO - Epoch: 12
2021-07-19 03:32:45,874 - INFO - 	Train Loss: 0.753, Train MRR: 0.867
2021-07-19 03:32:45,874 - INFO - 	 Val. Loss: 3.140, Valid MRR: 0.537
2021-07-19 03:35:25,198 - INFO - Epoch: 13
2021-07-19 03:35:25,198 - INFO - 	Train Loss: 0.696, Train MRR: 0.876
2021-07-19 03:35:25,198 - INFO - 	 Val. Loss: 3.197, Valid MRR: 0.543
2021-07-19 03:38:04,306 - INFO - Epoch: 14
2021-07-19 03:38:04,306 - INFO - 	Train Loss: 0.645, Train MRR: 0.885
2021-07-19 03:38:04,306 - INFO - 	 Val. Loss: 3.264, Valid MRR: 0.546
2021-07-19 03:40:44,970 - INFO - Epoch: 15
2021-07-19 03:40:44,971 - INFO - 	Train Loss: 0.607, Train MRR: 0.891
2021-07-19 03:40:44,971 - INFO - 	 Val. Loss: 3.243, Valid MRR: 0.548
2021-07-19 03:43:28,190 - INFO - Epoch: 16
2021-07-19 03:43:28,191 - INFO - 	Train Loss: 0.568, Train MRR: 0.898
2021-07-19 03:43:28,192 - INFO - 	 Val. Loss: 3.253, Valid MRR: 0.551
2021-07-19 03:46:07,735 - INFO - Epoch: 17
2021-07-19 03:46:07,736 - INFO - 	Train Loss: 0.534, Train MRR: 0.904
2021-07-19 03:46:07,736 - INFO - 	 Val. Loss: 3.359, Valid MRR: 0.548
2021-07-19 03:48:46,385 - INFO - Epoch: 18
2021-07-19 03:48:46,385 - INFO - 	Train Loss: 0.506, Train MRR: 0.909
2021-07-19 03:48:46,385 - INFO - 	 Val. Loss: 3.299, Valid MRR: 0.552
2021-07-19 03:51:26,788 - INFO - Epoch: 19
2021-07-19 03:51:26,788 - INFO - 	Train Loss: 0.481, Train MRR: 0.913
2021-07-19 03:51:26,788 - INFO - 	 Val. Loss: 3.441, Valid MRR: 0.554
2021-07-19 03:54:04,878 - INFO - Epoch: 20
2021-07-19 03:54:04,878 - INFO - 	Train Loss: 0.457, Train MRR: 0.918
2021-07-19 03:54:04,878 - INFO - 	 Val. Loss: 3.377, Valid MRR: 0.553
2021-07-19 03:56:45,343 - INFO - Epoch: 21
2021-07-19 03:56:45,344 - INFO - 	Train Loss: 0.435, Train MRR: 0.921
2021-07-19 03:56:45,344 - INFO - 	 Val. Loss: 3.385, Valid MRR: 0.556
2021-07-19 03:59:25,389 - INFO - Epoch: 22
2021-07-19 03:59:25,389 - INFO - 	Train Loss: 0.415, Train MRR: 0.925
2021-07-19 03:59:25,389 - INFO - 	 Val. Loss: 3.455, Valid MRR: 0.557
2021-07-19 04:02:08,509 - INFO - Epoch: 23
2021-07-19 04:02:08,510 - INFO - 	Train Loss: 0.400, Train MRR: 0.928
2021-07-19 04:02:08,510 - INFO - 	 Val. Loss: 3.467, Valid MRR: 0.556
2021-07-19 04:04:47,714 - INFO - Epoch: 24
2021-07-19 04:04:47,714 - INFO - 	Train Loss: 0.384, Train MRR: 0.930
2021-07-19 04:04:47,714 - INFO - 	 Val. Loss: 3.594, Valid MRR: 0.555
2021-07-19 04:07:27,302 - INFO - Epoch: 25
2021-07-19 04:07:27,302 - INFO - 	Train Loss: 0.368, Train MRR: 0.933
2021-07-19 04:07:27,302 - INFO - 	 Val. Loss: 3.533, Valid MRR: 0.558
2021-07-19 04:10:06,576 - INFO - Epoch: 26
2021-07-19 04:10:06,576 - INFO - 	Train Loss: 0.355, Train MRR: 0.936
2021-07-19 04:10:06,576 - INFO - 	 Val. Loss: 3.582, Valid MRR: 0.559
2021-07-19 04:12:46,139 - INFO - Epoch: 27
2021-07-19 04:12:46,139 - INFO - 	Train Loss: 0.345, Train MRR: 0.938
2021-07-19 04:12:46,139 - INFO - 	 Val. Loss: 3.602, Valid MRR: 0.561
2021-07-19 04:15:25,522 - INFO - Epoch: 28
2021-07-19 04:15:25,523 - INFO - 	Train Loss: 0.332, Train MRR: 0.940
2021-07-19 04:15:25,523 - INFO - 	 Val. Loss: 3.648, Valid MRR: 0.561
2021-07-19 04:18:04,627 - INFO - Epoch: 29
2021-07-19 04:18:04,627 - INFO - 	Train Loss: 0.322, Train MRR: 0.942
2021-07-19 04:18:04,627 - INFO - 	 Val. Loss: 3.708, Valid MRR: 0.560
2021-07-19 04:20:46,992 - INFO - Epoch: 30
2021-07-19 04:20:46,992 - INFO - 	Train Loss: 0.312, Train MRR: 0.943
2021-07-19 04:20:46,992 - INFO - 	 Val. Loss: 3.640, Valid MRR: 0.561
2021-07-19 04:23:27,708 - INFO - Epoch: 31
2021-07-19 04:23:27,708 - INFO - 	Train Loss: 0.303, Train MRR: 0.945
2021-07-19 04:23:27,708 - INFO - 	 Val. Loss: 3.703, Valid MRR: 0.562
2021-07-19 04:26:08,000 - INFO - Epoch: 32
2021-07-19 04:26:08,000 - INFO - 	Train Loss: 0.295, Train MRR: 0.946
2021-07-19 04:26:08,000 - INFO - 	 Val. Loss: 3.671, Valid MRR: 0.562
2021-07-19 04:28:47,461 - INFO - Epoch: 33
2021-07-19 04:28:47,463 - INFO - 	Train Loss: 0.286, Train MRR: 0.948
2021-07-19 04:28:47,464 - INFO - 	 Val. Loss: 3.618, Valid MRR: 0.566
2021-07-19 04:31:26,695 - INFO - Epoch: 34
2021-07-19 04:31:26,695 - INFO - 	Train Loss: 0.282, Train MRR: 0.949
2021-07-19 04:31:26,695 - INFO - 	 Val. Loss: 3.732, Valid MRR: 0.563
2021-07-19 04:34:05,855 - INFO - Epoch: 35
2021-07-19 04:34:05,855 - INFO - 	Train Loss: 0.274, Train MRR: 0.950
2021-07-19 04:34:05,855 - INFO - 	 Val. Loss: 3.668, Valid MRR: 0.565
2021-07-19 04:36:47,634 - INFO - Epoch: 36
2021-07-19 04:36:47,634 - INFO - 	Train Loss: 0.266, Train MRR: 0.952
2021-07-19 04:36:47,634 - INFO - 	 Val. Loss: 3.718, Valid MRR: 0.565
2021-07-19 04:39:26,787 - INFO - Epoch: 37
2021-07-19 04:39:26,787 - INFO - 	Train Loss: 0.261, Train MRR: 0.953
2021-07-19 04:39:26,787 - INFO - 	 Val. Loss: 3.783, Valid MRR: 0.564
2021-07-19 04:42:05,879 - INFO - Epoch: 38
2021-07-19 04:42:05,879 - INFO - 	Train Loss: 0.256, Train MRR: 0.953
2021-07-19 04:42:05,879 - INFO - 	 Val. Loss: 3.693, Valid MRR: 0.567
2021-07-19 04:44:45,374 - INFO - Epoch: 39
2021-07-19 04:44:45,375 - INFO - 	Train Loss: 0.251, Train MRR: 0.954
2021-07-19 04:44:45,375 - INFO - 	 Val. Loss: 3.778, Valid MRR: 0.567
2021-07-19 04:47:24,496 - INFO - Epoch: 40
2021-07-19 04:47:24,496 - INFO - 	Train Loss: 0.246, Train MRR: 0.955
2021-07-19 04:47:24,496 - INFO - 	 Val. Loss: 3.803, Valid MRR: 0.566
2021-07-19 04:50:03,675 - INFO - Epoch: 41
2021-07-19 04:50:03,675 - INFO - 	Train Loss: 0.240, Train MRR: 0.957
2021-07-19 04:50:03,675 - INFO - 	 Val. Loss: 3.783, Valid MRR: 0.566
2021-07-19 04:52:43,212 - INFO - Epoch: 42
2021-07-19 04:52:43,212 - INFO - 	Train Loss: 0.234, Train MRR: 0.957
2021-07-19 04:52:43,212 - INFO - 	 Val. Loss: 3.746, Valid MRR: 0.568
2021-07-19 04:55:25,263 - INFO - Epoch: 43
2021-07-19 04:55:25,263 - INFO - 	Train Loss: 0.231, Train MRR: 0.958
2021-07-19 04:55:25,263 - INFO - 	 Val. Loss: 3.816, Valid MRR: 0.569
2021-07-19 04:58:04,197 - INFO - Epoch: 44
2021-07-19 04:58:04,197 - INFO - 	Train Loss: 0.227, Train MRR: 0.959
2021-07-19 04:58:04,198 - INFO - 	 Val. Loss: 3.763, Valid MRR: 0.565
2021-07-19 05:00:43,680 - INFO - Epoch: 45
2021-07-19 05:00:43,680 - INFO - 	Train Loss: 0.221, Train MRR: 0.960
2021-07-19 05:00:43,680 - INFO - 	 Val. Loss: 3.813, Valid MRR: 0.568
2021-07-19 05:03:22,335 - INFO - Epoch: 46
2021-07-19 05:03:22,336 - INFO - 	Train Loss: 0.219, Train MRR: 0.960
2021-07-19 05:03:22,336 - INFO - 	 Val. Loss: 3.729, Valid MRR: 0.570
2021-07-19 05:06:01,407 - INFO - Epoch: 47
2021-07-19 05:06:01,407 - INFO - 	Train Loss: 0.218, Train MRR: 0.961
2021-07-19 05:06:01,407 - INFO - 	 Val. Loss: 3.933, Valid MRR: 0.567
2021-07-19 05:08:40,655 - INFO - Epoch: 48
2021-07-19 05:08:40,655 - INFO - 	Train Loss: 0.213, Train MRR: 0.961
2021-07-19 05:08:40,655 - INFO - 	 Val. Loss: 3.849, Valid MRR: 0.570
2021-07-19 05:11:19,664 - INFO - Epoch: 49
2021-07-19 05:11:19,664 - INFO - 	Train Loss: 0.210, Train MRR: 0.962
2021-07-19 05:11:19,664 - INFO - 	 Val. Loss: 3.859, Valid MRR: 0.569
2021-07-19 05:14:00,855 - INFO - Epoch: 50
2021-07-19 05:14:00,855 - INFO - 	Train Loss: 0.207, Train MRR: 0.962
2021-07-19 05:14:00,855 - INFO - 	 Val. Loss: 3.875, Valid MRR: 0.569
2021-07-19 05:16:39,135 - INFO - Epoch: 51
2021-07-19 05:16:39,135 - INFO - 	Train Loss: 0.202, Train MRR: 0.963
2021-07-19 05:16:39,135 - INFO - 	 Val. Loss: 3.772, Valid MRR: 0.570
2021-07-19 05:19:18,556 - INFO - Epoch: 52
2021-07-19 05:19:18,556 - INFO - 	Train Loss: 0.200, Train MRR: 0.964
2021-07-19 05:19:18,556 - INFO - 	 Val. Loss: 3.881, Valid MRR: 0.571
2021-07-19 05:21:58,301 - INFO - Epoch: 53
2021-07-19 05:21:58,302 - INFO - 	Train Loss: 0.199, Train MRR: 0.964
2021-07-19 05:21:58,302 - INFO - 	 Val. Loss: 3.788, Valid MRR: 0.571
2021-07-19 05:24:37,132 - INFO - Epoch: 54
2021-07-19 05:24:37,132 - INFO - 	Train Loss: 0.195, Train MRR: 0.964
2021-07-19 05:24:37,132 - INFO - 	 Val. Loss: 3.927, Valid MRR: 0.570
2021-07-19 05:27:14,970 - INFO - Epoch: 55
2021-07-19 05:27:14,971 - INFO - 	Train Loss: 0.193, Train MRR: 0.965
2021-07-19 05:27:14,971 - INFO - 	 Val. Loss: 3.906, Valid MRR: 0.571
2021-07-19 05:29:54,775 - INFO - Epoch: 56
2021-07-19 05:29:54,775 - INFO - 	Train Loss: 0.190, Train MRR: 0.966
2021-07-19 05:29:54,775 - INFO - 	 Val. Loss: 3.885, Valid MRR: 0.573
2021-07-19 05:32:36,309 - INFO - Epoch: 57
2021-07-19 05:32:36,309 - INFO - 	Train Loss: 0.189, Train MRR: 0.965
2021-07-19 05:32:36,309 - INFO - 	 Val. Loss: 3.743, Valid MRR: 0.573
2021-07-19 05:35:15,678 - INFO - Epoch: 58
2021-07-19 05:35:15,678 - INFO - 	Train Loss: 0.185, Train MRR: 0.966
2021-07-19 05:35:15,678 - INFO - 	 Val. Loss: 3.934, Valid MRR: 0.570
2021-07-19 05:37:54,511 - INFO - Epoch: 59
2021-07-19 05:37:54,511 - INFO - 	Train Loss: 0.183, Train MRR: 0.967
2021-07-19 05:37:54,511 - INFO - 	 Val. Loss: 3.939, Valid MRR: 0.571
2021-07-19 05:40:34,161 - INFO - Epoch: 60
2021-07-19 05:40:34,161 - INFO - 	Train Loss: 0.183, Train MRR: 0.967
2021-07-19 05:40:34,161 - INFO - 	 Val. Loss: 3.976, Valid MRR: 0.574
2021-07-19 05:43:12,512 - INFO - Epoch: 61
2021-07-19 05:43:12,513 - INFO - 	Train Loss: 0.179, Train MRR: 0.967
2021-07-19 05:43:12,513 - INFO - 	 Val. Loss: 3.877, Valid MRR: 0.572
2021-07-19 05:45:51,265 - INFO - Epoch: 62
2021-07-19 05:45:51,265 - INFO - 	Train Loss: 0.177, Train MRR: 0.968
2021-07-19 05:45:51,265 - INFO - 	 Val. Loss: 3.906, Valid MRR: 0.570
2021-07-19 05:48:30,506 - INFO - Epoch: 63
2021-07-19 05:48:30,506 - INFO - 	Train Loss: 0.176, Train MRR: 0.968
2021-07-19 05:48:30,506 - INFO - 	 Val. Loss: 3.874, Valid MRR: 0.572
2021-07-19 05:51:11,614 - INFO - Epoch: 64
2021-07-19 05:51:11,614 - INFO - 	Train Loss: 0.175, Train MRR: 0.968
2021-07-19 05:51:11,614 - INFO - 	 Val. Loss: 3.790, Valid MRR: 0.576
2021-07-19 05:53:50,753 - INFO - Epoch: 65
2021-07-19 05:53:50,753 - INFO - 	Train Loss: 0.173, Train MRR: 0.968
2021-07-19 05:53:50,753 - INFO - 	 Val. Loss: 4.042, Valid MRR: 0.579
2021-07-19 05:56:30,005 - INFO - Epoch: 66
2021-07-19 05:56:30,005 - INFO - 	Train Loss: 0.171, Train MRR: 0.969
2021-07-19 05:56:30,005 - INFO - 	 Val. Loss: 3.862, Valid MRR: 0.574
2021-07-19 05:59:08,307 - INFO - Epoch: 67
2021-07-19 05:59:08,308 - INFO - 	Train Loss: 0.169, Train MRR: 0.969
2021-07-19 05:59:08,308 - INFO - 	 Val. Loss: 3.901, Valid MRR: 0.574
2021-07-19 06:01:47,473 - INFO - Epoch: 68
2021-07-19 06:01:47,473 - INFO - 	Train Loss: 0.166, Train MRR: 0.970
2021-07-19 06:01:47,473 - INFO - 	 Val. Loss: 3.826, Valid MRR: 0.572
2021-07-19 06:04:26,577 - INFO - Epoch: 69
2021-07-19 06:04:26,578 - INFO - 	Train Loss: 0.165, Train MRR: 0.970
2021-07-19 06:04:26,578 - INFO - 	 Val. Loss: 3.959, Valid MRR: 0.574
2021-07-19 06:07:07,696 - INFO - Epoch: 70
2021-07-19 06:07:07,696 - INFO - 	Train Loss: 0.165, Train MRR: 0.970
2021-07-19 06:07:07,696 - INFO - 	 Val. Loss: 3.848, Valid MRR: 0.574
2021-07-19 06:09:46,336 - INFO - Epoch: 71
2021-07-19 06:09:46,337 - INFO - 	Train Loss: 0.163, Train MRR: 0.970
2021-07-19 06:09:46,337 - INFO - 	 Val. Loss: 4.022, Valid MRR: 0.574
2021-07-19 06:12:24,631 - INFO - Epoch: 72
2021-07-19 06:12:24,631 - INFO - 	Train Loss: 0.161, Train MRR: 0.971
2021-07-19 06:12:24,632 - INFO - 	 Val. Loss: 3.990, Valid MRR: 0.574
2021-07-19 06:15:02,073 - INFO - Epoch: 73
2021-07-19 06:15:02,074 - INFO - 	Train Loss: 0.159, Train MRR: 0.971
2021-07-19 06:15:02,074 - INFO - 	 Val. Loss: 3.803, Valid MRR: 0.575
2021-07-19 06:17:42,121 - INFO - Epoch: 74
2021-07-19 06:17:42,121 - INFO - 	Train Loss: 0.157, Train MRR: 0.971
2021-07-19 06:17:42,121 - INFO - 	 Val. Loss: 3.921, Valid MRR: 0.575
2021-07-19 06:20:21,691 - INFO - Epoch: 75
2021-07-19 06:20:21,692 - INFO - 	Train Loss: 0.157, Train MRR: 0.972
2021-07-19 06:20:21,692 - INFO - 	 Val. Loss: 4.004, Valid MRR: 0.576
2021-07-19 06:23:00,405 - INFO - Epoch: 76
2021-07-19 06:23:00,406 - INFO - 	Train Loss: 0.157, Train MRR: 0.971
2021-07-19 06:23:00,406 - INFO - 	 Val. Loss: 4.005, Valid MRR: 0.576
2021-07-19 06:25:42,509 - INFO - Epoch: 77
2021-07-19 06:25:42,509 - INFO - 	Train Loss: 0.154, Train MRR: 0.972
2021-07-19 06:25:42,509 - INFO - 	 Val. Loss: 3.978, Valid MRR: 0.576
2021-07-19 06:28:22,274 - INFO - Epoch: 78
2021-07-19 06:28:22,274 - INFO - 	Train Loss: 0.154, Train MRR: 0.972
2021-07-19 06:28:22,274 - INFO - 	 Val. Loss: 4.034, Valid MRR: 0.576
2021-07-19 06:31:00,957 - INFO - Epoch: 79
2021-07-19 06:31:00,957 - INFO - 	Train Loss: 0.153, Train MRR: 0.972
2021-07-19 06:31:00,957 - INFO - 	 Val. Loss: 4.034, Valid MRR: 0.572
2021-07-19 06:33:39,878 - INFO - Epoch: 80
2021-07-19 06:33:39,878 - INFO - 	Train Loss: 0.152, Train MRR: 0.972
2021-07-19 06:33:39,878 - INFO - 	 Val. Loss: 3.929, Valid MRR: 0.575
2021-07-19 06:36:19,230 - INFO - Epoch: 81
2021-07-19 06:36:19,230 - INFO - 	Train Loss: 0.150, Train MRR: 0.973
2021-07-19 06:36:19,230 - INFO - 	 Val. Loss: 3.947, Valid MRR: 0.575
2021-07-19 06:38:58,689 - INFO - Epoch: 82
2021-07-19 06:38:58,689 - INFO - 	Train Loss: 0.148, Train MRR: 0.973
2021-07-19 06:38:58,689 - INFO - 	 Val. Loss: 3.973, Valid MRR: 0.576
2021-07-19 06:41:37,917 - INFO - Epoch: 83
2021-07-19 06:41:37,918 - INFO - 	Train Loss: 0.148, Train MRR: 0.973
2021-07-19 06:41:37,918 - INFO - 	 Val. Loss: 4.028, Valid MRR: 0.578
2021-07-19 06:44:20,353 - INFO - Epoch: 84
2021-07-19 06:44:20,353 - INFO - 	Train Loss: 0.148, Train MRR: 0.973
2021-07-19 06:44:20,354 - INFO - 	 Val. Loss: 4.107, Valid MRR: 0.578
2021-07-19 06:47:00,010 - INFO - Epoch: 85
2021-07-19 06:47:00,010 - INFO - 	Train Loss: 0.144, Train MRR: 0.974
2021-07-19 06:47:00,010 - INFO - 	 Val. Loss: 3.998, Valid MRR: 0.579
2021-07-19 06:49:39,217 - INFO - Epoch: 86
2021-07-19 06:49:39,218 - INFO - 	Train Loss: 0.144, Train MRR: 0.974
2021-07-19 06:49:39,218 - INFO - 	 Val. Loss: 3.919, Valid MRR: 0.577
2021-07-19 06:52:18,839 - INFO - Epoch: 87
2021-07-19 06:52:18,839 - INFO - 	Train Loss: 0.143, Train MRR: 0.974
2021-07-19 06:52:18,839 - INFO - 	 Val. Loss: 4.025, Valid MRR: 0.577
2021-07-19 06:54:57,748 - INFO - Epoch: 88
2021-07-19 06:54:57,749 - INFO - 	Train Loss: 0.143, Train MRR: 0.974
2021-07-19 06:54:57,749 - INFO - 	 Val. Loss: 4.056, Valid MRR: 0.580
2021-07-19 06:57:36,262 - INFO - Epoch: 89
2021-07-19 06:57:36,262 - INFO - 	Train Loss: 0.141, Train MRR: 0.974
2021-07-19 06:57:36,262 - INFO - 	 Val. Loss: 4.039, Valid MRR: 0.578
2021-07-19 07:00:14,978 - INFO - Epoch: 90
2021-07-19 07:00:14,978 - INFO - 	Train Loss: 0.141, Train MRR: 0.974
2021-07-19 07:00:14,978 - INFO - 	 Val. Loss: 4.109, Valid MRR: 0.577
2021-07-19 07:02:56,697 - INFO - Epoch: 91
2021-07-19 07:02:56,697 - INFO - 	Train Loss: 0.141, Train MRR: 0.974
2021-07-19 07:02:56,697 - INFO - 	 Val. Loss: 3.853, Valid MRR: 0.576
2021-07-19 07:05:36,243 - INFO - Epoch: 92
2021-07-19 07:05:36,243 - INFO - 	Train Loss: 0.139, Train MRR: 0.975
2021-07-19 07:05:36,243 - INFO - 	 Val. Loss: 3.929, Valid MRR: 0.578
2021-07-19 07:08:14,662 - INFO - Epoch: 93
2021-07-19 07:08:14,662 - INFO - 	Train Loss: 0.137, Train MRR: 0.975
2021-07-19 07:08:14,662 - INFO - 	 Val. Loss: 4.089, Valid MRR: 0.579
2021-07-19 07:10:54,995 - INFO - Epoch: 94
2021-07-19 07:10:54,995 - INFO - 	Train Loss: 0.137, Train MRR: 0.975
2021-07-19 07:10:54,996 - INFO - 	 Val. Loss: 3.859, Valid MRR: 0.578
2021-07-19 07:13:33,855 - INFO - Epoch: 95
2021-07-19 07:13:33,855 - INFO - 	Train Loss: 0.136, Train MRR: 0.975
2021-07-19 07:13:33,855 - INFO - 	 Val. Loss: 3.930, Valid MRR: 0.579
2021-07-19 07:16:13,431 - INFO - Epoch: 96
2021-07-19 07:16:13,432 - INFO - 	Train Loss: 0.136, Train MRR: 0.975
2021-07-19 07:16:13,432 - INFO - 	 Val. Loss: 4.001, Valid MRR: 0.577
2021-07-19 07:18:52,824 - INFO - Epoch: 97
2021-07-19 07:18:52,825 - INFO - 	Train Loss: 0.135, Train MRR: 0.975
2021-07-19 07:18:52,825 - INFO - 	 Val. Loss: 4.066, Valid MRR: 0.578
2021-07-19 07:21:34,501 - INFO - Epoch: 98
2021-07-19 07:21:34,501 - INFO - 	Train Loss: 0.135, Train MRR: 0.975
2021-07-19 07:21:34,501 - INFO - 	 Val. Loss: 3.898, Valid MRR: 0.578
2021-07-19 07:24:14,023 - INFO - Epoch: 99
2021-07-19 07:24:14,023 - INFO - 	Train Loss: 0.133, Train MRR: 0.975
2021-07-19 07:24:14,024 - INFO - 	 Val. Loss: 4.047, Valid MRR: 0.578
2021-07-19 07:26:53,666 - INFO - Epoch: 100
2021-07-19 07:26:53,666 - INFO - 	Train Loss: 0.131, Train MRR: 0.976
2021-07-19 07:26:53,667 - INFO - 	 Val. Loss: 4.031, Valid MRR: 0.576
2021-07-19 07:29:32,915 - INFO - Epoch: 101
2021-07-19 07:29:32,915 - INFO - 	Train Loss: 0.130, Train MRR: 0.976
2021-07-19 07:29:32,915 - INFO - 	 Val. Loss: 4.039, Valid MRR: 0.579
2021-07-19 07:32:12,714 - INFO - Epoch: 102
2021-07-19 07:32:12,714 - INFO - 	Train Loss: 0.133, Train MRR: 0.976
2021-07-19 07:32:12,714 - INFO - 	 Val. Loss: 4.064, Valid MRR: 0.578
2021-07-19 07:34:51,800 - INFO - Epoch: 103
2021-07-19 07:34:51,800 - INFO - 	Train Loss: 0.132, Train MRR: 0.976
2021-07-19 07:34:51,800 - INFO - 	 Val. Loss: 3.905, Valid MRR: 0.579
2021-07-19 07:37:33,269 - INFO - Epoch: 104
2021-07-19 07:37:33,269 - INFO - 	Train Loss: 0.129, Train MRR: 0.976
2021-07-19 07:37:33,269 - INFO - 	 Val. Loss: 4.024, Valid MRR: 0.580
2021-07-19 07:40:12,338 - INFO - Epoch: 105
2021-07-19 07:40:12,338 - INFO - 	Train Loss: 0.130, Train MRR: 0.976
2021-07-19 07:40:12,338 - INFO - 	 Val. Loss: 4.006, Valid MRR: 0.580
2021-07-19 07:42:50,559 - INFO - Epoch: 106
2021-07-19 07:42:50,559 - INFO - 	Train Loss: 0.129, Train MRR: 0.976
2021-07-19 07:42:50,559 - INFO - 	 Val. Loss: 4.034, Valid MRR: 0.579
2021-07-19 07:45:30,796 - INFO - Epoch: 107
2021-07-19 07:45:30,796 - INFO - 	Train Loss: 0.127, Train MRR: 0.977
2021-07-19 07:45:30,797 - INFO - 	 Val. Loss: 4.129, Valid MRR: 0.582
2021-07-19 07:48:10,338 - INFO - Epoch: 108
2021-07-19 07:48:10,339 - INFO - 	Train Loss: 0.128, Train MRR: 0.977
2021-07-19 07:48:10,339 - INFO - 	 Val. Loss: 4.057, Valid MRR: 0.580
2021-07-19 07:50:50,218 - INFO - Epoch: 109
2021-07-19 07:50:50,218 - INFO - 	Train Loss: 0.127, Train MRR: 0.977
2021-07-19 07:50:50,218 - INFO - 	 Val. Loss: 4.014, Valid MRR: 0.580
2021-07-19 07:53:29,806 - INFO - Epoch: 110
2021-07-19 07:53:29,806 - INFO - 	Train Loss: 0.126, Train MRR: 0.977
2021-07-19 07:53:29,806 - INFO - 	 Val. Loss: 4.106, Valid MRR: 0.579
2021-07-19 07:56:11,990 - INFO - Epoch: 111
2021-07-19 07:56:11,990 - INFO - 	Train Loss: 0.124, Train MRR: 0.977
2021-07-19 07:56:11,990 - INFO - 	 Val. Loss: 4.093, Valid MRR: 0.577
2021-07-19 07:58:51,179 - INFO - Epoch: 112
2021-07-19 07:58:51,180 - INFO - 	Train Loss: 0.124, Train MRR: 0.977
2021-07-19 07:58:51,180 - INFO - 	 Val. Loss: 4.044, Valid MRR: 0.579
2021-07-19 08:01:30,352 - INFO - Epoch: 113
2021-07-19 08:01:30,352 - INFO - 	Train Loss: 0.124, Train MRR: 0.977
2021-07-19 08:01:30,352 - INFO - 	 Val. Loss: 3.998, Valid MRR: 0.579
2021-07-19 08:04:09,437 - INFO - Epoch: 114
2021-07-19 08:04:09,437 - INFO - 	Train Loss: 0.123, Train MRR: 0.977
2021-07-19 08:04:09,437 - INFO - 	 Val. Loss: 4.067, Valid MRR: 0.578
2021-07-19 08:06:49,076 - INFO - Epoch: 115
2021-07-19 08:06:49,077 - INFO - 	Train Loss: 0.122, Train MRR: 0.977
2021-07-19 08:06:49,077 - INFO - 	 Val. Loss: 4.145, Valid MRR: 0.581
2021-07-19 08:09:28,227 - INFO - Epoch: 116
2021-07-19 08:09:28,227 - INFO - 	Train Loss: 0.121, Train MRR: 0.978
2021-07-19 08:09:28,227 - INFO - 	 Val. Loss: 4.025, Valid MRR: 0.581
2021-07-19 08:12:07,146 - INFO - Epoch: 117
2021-07-19 08:12:07,146 - INFO - 	Train Loss: 0.122, Train MRR: 0.978
2021-07-19 08:12:07,146 - INFO - 	 Val. Loss: 4.204, Valid MRR: 0.581
2021-07-19 08:14:49,610 - INFO - Epoch: 118
2021-07-19 08:14:49,611 - INFO - 	Train Loss: 0.121, Train MRR: 0.978
2021-07-19 08:14:49,611 - INFO - 	 Val. Loss: 4.074, Valid MRR: 0.580
2021-07-19 08:17:28,901 - INFO - Epoch: 119
2021-07-19 08:17:28,901 - INFO - 	Train Loss: 0.120, Train MRR: 0.978
2021-07-19 08:17:28,901 - INFO - 	 Val. Loss: 4.038, Valid MRR: 0.580
2021-07-19 08:20:08,523 - INFO - Epoch: 120
2021-07-19 08:20:08,523 - INFO - 	Train Loss: 0.119, Train MRR: 0.978
2021-07-19 08:20:08,523 - INFO - 	 Val. Loss: 4.054, Valid MRR: 0.580
2021-07-19 08:22:47,435 - INFO - Epoch: 121
2021-07-19 08:22:47,435 - INFO - 	Train Loss: 0.119, Train MRR: 0.978
2021-07-19 08:22:47,436 - INFO - 	 Val. Loss: 4.161, Valid MRR: 0.579
2021-07-19 08:25:25,988 - INFO - Epoch: 122
2021-07-19 08:25:25,988 - INFO - 	Train Loss: 0.119, Train MRR: 0.978
2021-07-19 08:25:25,988 - INFO - 	 Val. Loss: 4.031, Valid MRR: 0.581
2021-07-19 08:28:04,594 - INFO - Epoch: 123
2021-07-19 08:28:04,594 - INFO - 	Train Loss: 0.119, Train MRR: 0.978
2021-07-19 08:28:04,594 - INFO - 	 Val. Loss: 4.141, Valid MRR: 0.580
2021-07-19 08:30:44,027 - INFO - Epoch: 124
2021-07-19 08:30:44,028 - INFO - 	Train Loss: 0.116, Train MRR: 0.978
2021-07-19 08:30:44,028 - INFO - 	 Val. Loss: 4.136, Valid MRR: 0.579
2021-07-19 08:33:25,813 - INFO - Epoch: 125
2021-07-19 08:33:25,813 - INFO - 	Train Loss: 0.116, Train MRR: 0.979
2021-07-19 08:33:25,813 - INFO - 	 Val. Loss: 4.142, Valid MRR: 0.581
2021-07-19 08:36:05,652 - INFO - Epoch: 126
2021-07-19 08:36:05,652 - INFO - 	Train Loss: 0.117, Train MRR: 0.979
2021-07-19 08:36:05,652 - INFO - 	 Val. Loss: 4.060, Valid MRR: 0.578
2021-07-19 08:38:45,480 - INFO - Epoch: 127
2021-07-19 08:38:45,480 - INFO - 	Train Loss: 0.116, Train MRR: 0.979
2021-07-19 08:38:45,481 - INFO - 	 Val. Loss: 4.079, Valid MRR: 0.581
2021-07-19 08:38:45,482 - INFO - Ended early due to losing patience!
